<?xml version="1.0" encoding="UTF-8"?>
<!-- Generated by org.testng.reporters.JUnitReportReporter -->
<testsuite hostname="Aashish-PC" name="TestCases.LoginPageTest" tests="3" failures="3" timestamp="6 Aug 2019 08:39:39 GMT" time="0.008" errors="0">
  <testcase name="signin" time="0.004" classname="TestCases.LoginPageTest"/>
  <testcase name="LoginPageTitleTest" time="0.002" classname="TestCases.LoginPageTest"/>
  <testcase name="validatelogo" time="0.002" classname="TestCases.LoginPageTest"/>
</testsuite> <!-- TestCases.LoginPageTest -->
