<?xml version="1.0" encoding="UTF-8"?>
<!-- Generated by org.testng.reporters.JUnitReportReporter -->
<testsuite hostname="Aashish-PC" name="TestCases.AllMailCountTest" tests="1" failures="0" timestamp="1 Aug 2019 11:58:48 GMT" time="55.542" errors="0">
  <testcase name="AllMAilCount" time="55.542" classname="TestCases.AllMailCountTest"/>
</testsuite> <!-- TestCases.AllMailCountTest -->
