<?xml version="1.0" encoding="UTF-8"?>
<!-- Generated by org.testng.reporters.JUnitReportReporter -->
<testsuite hostname="Aashish-PC" name="TestCases.UnReadMailTest" tests="1" failures="0" timestamp="1 Aug 2019 11:58:48 GMT" time="37.195" errors="0">
  <testcase name="countUnreadmail" time="37.195" classname="TestCases.UnReadMailTest"/>
</testsuite> <!-- TestCases.UnReadMailTest -->
