<?xml version="1.0" encoding="UTF-8"?>
<!-- Generated by org.testng.reporters.JUnitReportReporter -->
<testsuite hostname="Aashish-PC" name="TestCases.SettingTest" tests="1" failures="0" timestamp="1 Aug 2019 12:12:46 GMT" time="22.829" errors="0">
  <testcase name="SettingLogoTest" time="22.829" classname="TestCases.SettingTest"/>
</testsuite> <!-- TestCases.SettingTest -->
